TN:
SF:src/ChatsuboApp.js
FN:12,(anonymous_0)
FN:37,(anonymous_1)
FN:72,(anonymous_2)
FN:98,(anonymous_3)
FN:100,(anonymous_4)
FN:105,(anonymous_5)
FN:111,(anonymous_6)
FN:119,(anonymous_7)
FN:125,(anonymous_8)
FN:131,(anonymous_9)
FN:136,(anonymous_10)
FN:141,(anonymous_11)
FN:145,(anonymous_12)
FN:153,(anonymous_13)
FN:169,(anonymous_14)
FN:209,(anonymous_15)
FN:237,(anonymous_16)
FN:251,(anonymous_17)
FN:280,(anonymous_18)
FN:285,(anonymous_19)
FN:296,(anonymous_20)
FN:305,(anonymous_21)
FN:317,(anonymous_22)
FN:329,(anonymous_23)
FN:336,(anonymous_24)
FN:343,(anonymous_25)
FN:353,(anonymous_26)
FN:363,(anonymous_27)
FN:364,(anonymous_28)
FN:370,(anonymous_29)
FNF:30
FNH:20
FNDA:25,(anonymous_0)
FNDA:25,(anonymous_1)
FNDA:19,(anonymous_2)
FNDA:25,(anonymous_3)
FNDA:0,(anonymous_4)
FNDA:0,(anonymous_5)
FNDA:0,(anonymous_6)
FNDA:0,(anonymous_7)
FNDA:0,(anonymous_8)
FNDA:0,(anonymous_9)
FNDA:0,(anonymous_10)
FNDA:0,(anonymous_11)
FNDA:0,(anonymous_12)
FNDA:25,(anonymous_13)
FNDA:4,(anonymous_14)
FNDA:7,(anonymous_15)
FNDA:1,(anonymous_16)
FNDA:30,(anonymous_17)
FNDA:2,(anonymous_18)
FNDA:0,(anonymous_19)
FNDA:21,(anonymous_20)
FNDA:1,(anonymous_21)
FNDA:1,(anonymous_22)
FNDA:1,(anonymous_23)
FNDA:2,(anonymous_24)
FNDA:1,(anonymous_25)
FNDA:188,(anonymous_26)
FNDA:50,(anonymous_27)
FNDA:50,(anonymous_28)
FNDA:27,(anonymous_29)
DA:13,25
DA:16,25
DA:17,25
DA:18,25
DA:21,25
DA:22,25
DA:23,25
DA:24,25
DA:25,25
DA:26,25
DA:29,25
DA:30,25
DA:31,25
DA:38,25
DA:40,25
DA:42,25
DA:43,25
DA:44,25
DA:45,25
DA:48,25
DA:49,25
DA:50,25
DA:53,25
DA:54,25
DA:57,25
DA:58,25
DA:59,25
DA:61,25
DA:63,0
DA:64,0
DA:65,0
DA:73,19
DA:74,0
DA:77,19
DA:78,19
DA:81,19
DA:83,19
DA:84,19
DA:87,19
DA:89,0
DA:90,0
DA:91,0
DA:100,25
DA:101,0
DA:105,25
DA:106,0
DA:107,0
DA:111,25
DA:112,0
DA:113,0
DA:114,0
DA:115,0
DA:119,25
DA:120,0
DA:121,0
DA:125,25
DA:126,0
DA:127,0
DA:131,25
DA:132,0
DA:136,25
DA:137,0
DA:141,25
DA:142,0
DA:145,25
DA:146,0
DA:154,25
DA:155,25
DA:158,25
DA:159,0
DA:162,25
DA:170,4
DA:171,0
DA:172,0
DA:176,4
DA:177,4
DA:178,4
DA:181,4
DA:182,4
DA:183,4
DA:184,4
DA:185,4
DA:188,4
DA:189,4
DA:190,4
DA:193,4
DA:201,4
DA:203,4
DA:210,7
DA:211,7
DA:213,7
DA:214,7
DA:217,3
DA:218,3
DA:219,3
DA:220,3
DA:223,3
DA:226,3
DA:227,3
DA:229,3
DA:238,1
DA:239,1
DA:240,1
DA:241,1
DA:242,1
DA:243,1
DA:244,1
DA:253,30
DA:256,30
DA:257,5
DA:261,30
DA:262,30
DA:263,30
DA:268,30
DA:269,30
DA:270,1
DA:273,0
DA:281,2
DA:282,2
DA:285,2
DA:286,0
DA:290,2
DA:297,21
DA:298,21
DA:306,1
DA:307,1
DA:310,1
DA:318,1
DA:319,1
DA:320,1
DA:321,1
DA:323,0
DA:330,1
DA:337,2
DA:344,1
DA:345,1
DA:346,1
DA:354,188
DA:355,188
DA:356,6
DA:364,50
DA:372,27
DA:373,27
DA:377,27
DA:378,27
DA:382,27
DA:383,27
DA:387,27
DA:388,27
DA:389,27
DA:391,27
LF:151
LH:123
BRDA:72,0,0,19
BRDA:73,1,0,0
BRDA:73,1,1,19
BRDA:154,2,0,25
BRDA:154,2,1,0
BRDA:155,3,0,25
BRDA:155,3,1,0
BRDA:158,4,0,0
BRDA:158,4,1,25
BRDA:170,5,0,0
BRDA:170,5,1,4
BRDA:211,6,0,0
BRDA:211,6,1,7
BRDA:214,7,0,4
BRDA:214,7,1,3
BRDA:239,8,0,1
BRDA:239,8,1,0
BRDA:256,9,0,5
BRDA:256,9,1,25
BRDA:269,10,0,1
BRDA:269,10,1,29
BRDA:269,11,0,30
BRDA:269,11,1,27
BRDA:297,12,0,21
BRDA:297,12,1,0
BRDA:306,13,0,1
BRDA:306,13,1,0
BRDA:318,14,0,1
BRDA:318,14,1,0
BRDA:320,15,0,0
BRDA:320,15,1,1
BRDA:330,16,0,1
BRDA:330,16,1,0
BRDA:337,17,0,2
BRDA:337,17,1,0
BRDA:344,18,0,1
BRDA:344,18,1,0
BRDA:355,19,0,6
BRDA:355,19,1,182
BRDA:372,20,0,27
BRDA:372,20,1,0
BRDA:377,21,0,27
BRDA:377,21,1,0
BRDA:382,22,0,27
BRDA:382,22,1,0
BRF:45
BRH:28
end_of_record
TN:
SF:src/audio/spatial-falloff.js
FN:92,calculateWaveFalloff
FN:108,calculateDistance
FN:117,calculateDistance3D
FN:127,calculateVolumeForSource
FN:172,calculateCrossfadeDuration
FN:180,sampleFalloffCurve
FN:186,(anonymous_6)
FNF:7
FNH:7
FNDA:20,calculateWaveFalloff
FNDA:7,calculateDistance
FNDA:2,calculateDistance3D
FNDA:6,calculateVolumeForSource
FNDA:2,calculateCrossfadeDuration
FNDA:2,sampleFalloffCurve
FNDA:4,(anonymous_6)
DA:15,2
DA:93,20
DA:94,0
DA:96,20
DA:97,1
DA:100,19
DA:101,19
DA:102,19
DA:109,7
DA:110,7
DA:111,7
DA:118,2
DA:119,2
DA:120,2
DA:121,2
DA:128,6
DA:130,6
DA:131,6
DA:132,1
DA:135,5
DA:141,6
DA:143,1
DA:144,1
DA:147,2
DA:148,2
DA:151,2
DA:152,2
DA:153,1
DA:154,1
DA:156,2
DA:159,0
DA:162,5
DA:164,5
DA:165,5
DA:173,2
DA:174,2
DA:181,2
DA:182,2
DA:183,1
DA:186,1
DA:187,4
DA:188,4
DA:200,2
LF:43
LH:41
BRDA:93,0,0,0
BRDA:93,0,1,20
BRDA:96,1,0,1
BRDA:96,1,1,19
BRDA:127,2,0,6
BRDA:128,3,0,6
BRDA:128,4,0,6
BRDA:131,5,0,1
BRDA:131,5,1,5
BRDA:135,6,0,0
BRDA:135,6,1,5
BRDA:141,7,0,1
BRDA:141,7,1,2
BRDA:141,7,2,2
BRDA:141,7,3,0
BRDA:147,8,0,1
BRDA:147,8,1,1
BRDA:152,9,0,1
BRDA:152,9,1,1
BRDA:182,10,0,1
BRDA:182,10,1,1
BRF:21
BRH:18
end_of_record
TN:
SF:src/network/ConnectionStateMachine.js
FN:16,(anonymous_0)
FN:30,(anonymous_1)
FN:60,(anonymous_2)
FN:88,(anonymous_3)
FN:118,(anonymous_4)
FN:130,(anonymous_5)
FN:145,(anonymous_6)
FN:158,(anonymous_7)
FN:165,(anonymous_8)
FN:176,(anonymous_9)
FN:183,(anonymous_10)
FN:190,(anonymous_11)
FN:197,(anonymous_12)
FN:199,(anonymous_13)
FN:205,(anonymous_14)
FN:215,(anonymous_15)
FNF:16
FNH:11
FNDA:18,(anonymous_0)
FNDA:38,(anonymous_1)
FNDA:42,(anonymous_2)
FNDA:38,(anonymous_3)
FNDA:9,(anonymous_4)
FNDA:5,(anonymous_5)
FNDA:0,(anonymous_6)
FNDA:4,(anonymous_7)
FNDA:0,(anonymous_8)
FNDA:0,(anonymous_9)
FNDA:0,(anonymous_10)
FNDA:18,(anonymous_11)
FNDA:44,(anonymous_12)
FNDA:38,(anonymous_13)
FNDA:0,(anonymous_14)
FNDA:2,(anonymous_15)
DA:6,1
DA:17,18
DA:18,18
DA:19,18
DA:20,18
DA:21,18
DA:22,18
DA:23,18
DA:24,18
DA:31,38
DA:33,38
DA:34,0
DA:35,0
DA:38,38
DA:39,38
DA:40,0
DA:43,38
DA:44,38
DA:52,38
DA:54,38
DA:61,42
DA:82,42
DA:89,38
DA:92,10
DA:93,9
DA:95,1
DA:96,1
DA:98,10
DA:102,7
DA:103,7
DA:104,7
DA:105,7
DA:109,2
DA:110,2
DA:111,2
DA:119,9
DA:121,9
DA:126,9
DA:130,9
DA:131,5
DA:132,5
DA:133,5
DA:146,0
DA:147,0
DA:148,0
DA:151,0
DA:152,0
DA:159,4
DA:166,0
DA:177,0
DA:184,0
DA:191,18
DA:192,18
DA:194,18
DA:198,44
DA:199,44
DA:206,0
DA:207,0
DA:208,0
DA:209,0
DA:216,2
DA:217,2
LF:62
LH:47
BRDA:30,0,0,38
BRDA:33,1,0,0
BRDA:33,1,1,38
BRDA:39,2,0,0
BRDA:39,2,1,38
BRDA:82,3,0,42
BRDA:82,3,1,1
BRDA:89,4,0,10
BRDA:89,4,1,7
BRDA:89,4,2,2
BRDA:92,5,0,9
BRDA:92,5,1,1
BRDA:131,6,0,5
BRDA:131,6,1,0
BRDA:146,7,0,0
BRDA:146,7,1,0
BRDA:167,8,0,0
BRDA:167,8,1,0
BRDA:167,8,2,0
BRDA:191,9,0,18
BRDA:191,9,1,0
BRDA:198,10,0,44
BRDA:198,10,1,6
BRF:23
BRH:14
end_of_record
TN:
SF:src/network/EncryptionLayer.js
FN:8,(anonymous_0)
FN:22,(anonymous_1)
FN:38,(anonymous_2)
FN:52,(anonymous_3)
FN:72,(anonymous_4)
FN:92,(anonymous_5)
FN:121,(anonymous_6)
FN:137,(anonymous_7)
FN:145,(anonymous_8)
FNF:9
FNH:8
FNDA:20,(anonymous_0)
FNDA:15,(anonymous_1)
FNDA:11,(anonymous_2)
FNDA:9,(anonymous_3)
FNDA:3,(anonymous_4)
FNDA:3,(anonymous_5)
FNDA:0,(anonymous_6)
FNDA:1,(anonymous_7)
FNDA:1,(anonymous_8)
DA:9,20
DA:10,20
DA:11,20
DA:23,15
DA:25,15
DA:31,15
DA:32,15
DA:39,11
DA:40,1
DA:43,11
DA:46,11
DA:54,9
DA:55,9
DA:56,9
DA:57,2646
DA:61,9
DA:65,9
DA:66,9
DA:73,3
DA:74,3
DA:75,1
DA:79,2
DA:80,2
DA:83,2
DA:86,2
DA:93,3
DA:94,1
DA:98,2
DA:99,2
DA:100,2
DA:101,512
DA:105,2
DA:112,2
DA:113,2
DA:114,2
DA:123,0
DA:126,0
DA:129,0
DA:131,0
DA:138,1
DA:139,1
DA:146,1
DA:147,1
DA:148,1
LF:44
LH:40
BRDA:39,0,0,1
BRDA:39,0,1,10
BRDA:74,1,0,1
BRDA:74,1,1,2
BRDA:93,2,0,1
BRDA:93,2,1,2
BRF:6
BRH:6
end_of_record
